VirtualBox XPCOM Server 4.3.26_OSE r98988 linux.amd64 (Mar 21 2015 15:18:11) release log
00:00:00.000215 main     Log opened 2015-04-08T21:19:18.313348000Z
00:00:00.000218 main     Build Type: release
00:00:00.000222 main     OS Product: Linux
00:00:00.000223 main     OS Release: 3.19.3-1-ARCH
00:00:00.000224 main     OS Version: #1 SMP PREEMPT Thu Mar 26 14:56:16 CET 2015
00:00:00.000246 main     DMI Product Name: 20AY006EFR
00:00:00.000253 main     DMI Product Version: ThinkPad S3-S440
00:00:00.000380 main     Host RAM: 3668MB total, 1672MB available
00:00:00.000384 main     Executable: /usr/lib/virtualbox/VBoxSVC
00:00:00.000385 main     Process ID: 13839
00:00:00.000386 main     Package type: LINUX_64BITS_GENERIC (OSE)
00:00:00.106767 nspr-2   Loading settings file "/home/robin/.config/VirtualBox/VirtualBox.xml" with version "1.12-linux"
00:00:00.112083 nspr-2   NetIfAdpCtlOut: VBoxNetAdpCtl: Error while retrieving link speed for wlp4s0: VBoxNetAdpCtl: ioctl failed: Operation not supported
00:00:00.121387 nspr-2   HostDnsMonitorProxy::notify
00:00:00.121409 nspr-2   HostDnsMonitorProxy: Host's DNS information updated:
00:00:00.121413 nspr-2     server 1: 89.2.0.1
00:00:00.121417 nspr-2     server 2: 89.2.0.2
00:00:00.121422 nspr-2     no search string entries
00:00:00.121426 nspr-2     no domain set
00:00:00.123101 nspr-2   VDInit finished
00:00:00.123200 nspr-2   ERROR [COM]: aRC=NS_ERROR_FAILURE (0x80004005) aIID={1254a96a-ae57-4484-946a-22d86c1f98af} aComponent={SystemProperties} aText={Cannot determine default Guest Additions ISO location. Most likely they are not available}, preserve=false
00:00:16.343633 Watcher  ERROR [COM]: aRC=E_ACCESSDENIED (0x80070005) aIID={fafa4e17-1ee2-4905-a10e-fe7c18bf5554} aComponent={VirtualBox} aText={The object is not ready}, preserve=false
