
Selecting FBConfig
GLX_FBCONFIG_ID=103
GLX_BUFFER_SIZE=32
GLX_DOUBLEBUFFER=1
GLX_RED_SIZE=8
GLX_GREEN_SIZE=8
GLX_BLUE_SIZE=8
GLX_ALPHA_SIZE=8
GLX_DEPTH_SIZE=24
GLX_STENCIL_SIZE=8
GLX_SAMPLES_ARB=0
GLX_SAMPLE_BUFFERS_ARB=0
GLX_CONFIG_CAVEAT=NONE

Desktop is 1600 x 900 @ 60 Hz
OpenGL:
    Version:  OpenGL 3.pid 2848 != 2837, skipping destruction (fork without exec?)
ERROR: ld.so: object '/home/robin/.local/share/Steam/ubuntu12_32/gameoverlayrenderer.so' from LD_PRELOAD cannot be preloaded (wrong ELF class: ELFCLASS32): ignored.
Setting breakpad minidump AppID = 331270
Steam_SetMinidumpSteamID:  Caching Steam ID:  76561198055758262 [API loaded no]
Preloaded type GtkListStore
Preloaded type GtkWindow
Preloaded type GtkVBox
Preloaded type GtkImage
Preloaded type GtkNotebook
Preloaded type GtkHBox
Preloaded type GtkFrame
Preloaded type GtkAlignment
Preloaded type GtkTreeView
Preloaded type GtkLabel
Preloaded type GtkCheckButton
Preloaded type GtkScrolledWindow
Couldn't find OnScreenSelectorQuit in main module; checking child
Couldn't find OnScreenSelectorOK in main module; checking child
Couldn't find OnScreenSelectorQuit in main module; checking child
Couldn't find OnInputListRowActivated in main module; checking child
process_set_termination_details: error looking up process handle 0x903
og_coord GL_EXT_multi_draw_arrays GL_EXT_secondary_color GL_EXT_texture_env_add GL_EXT_texture_filter_anisotropic GL_EXT_texture_lod_bias GL_INGR_blend_func_separate GL_NV_blend_square GL_NV_light_max_exponent GL_NV_texgen_reflection GL_NV_texture_env_combine4 GL_S3_s3tc GL_SUN_multi_draw_arrays GL_ARB_texture_border_clamp GL_ARB_texture_compression GL_EXT_framebuffer_object GL_EXT_texture_compression_s3tc GL_EXT_texture_env_combine GL_EXT_texture_env_dot3 GL_MESA_window_pos GL_NV_packed_depth_stencil GL_NV_texture_rectangle GL_ARB_depth_texture GL_ARB_occlusion_query GL_ARB_shadow GL_ARB_texture_env_combine GL_ARB_texture_env_crossbar GL_ARB_texture_env_dot3 GL_ARB_texture_mirrored_repeat GL_ARB_window_pos GL_EXT_stencil_two_side GL_EXT_texture_cube_map GL_NV_depth_clamp GL_APPLE_packed_pixels GL_APPLE_vertex_array_object GL_ARB_draw_buffers GL_ARB_fragment_program GL_ARB_fragment_shader GL_ARB_shader_objects GL_ARB_vertex_program GL_ARB_vertex_shader GL_ATI_draw_buffers GL_ATI_texture_env_combine3 GL_ATI_texture_float GL_EXT_shadow_funcs GL_EXT_stencil_wrap GL_MESA_pack_invert GL_NV_primitive_restart GL_ARB_depth_clamp GL_ARB_fragment_program_shadow GL_ARB_half_float_pixel GL_ARB_occlusion_query2 GL_ARB_point_sprite GL_ARB_shading_language_100 GL_ARB_sync GL_ARB_texture_non_power_of_two GL_ARB_vertex_buffer_object GL_ATI_blend_equation_separate GL_EXT_blend_equation_separate GL_OES_read_format GL_ARB_color_buffer_float GL_ARB_pixel_buffer_object GL_ARB_texture_compression_rgtc GL_ARB_texture_float GL_ARB_texture_rectangle GL_EXT_packed_float GL_EXT_pixel_buffer_object GL_EXT_texture_compression_dxt1 GL_EXT_texture_compression_rgtc GL_EXT_texture_rectangle GL_EXT_texture_sRGB GL_EXT_texture_shared_exponent GL_ARB_framebuffer_object GL_EXT_framebuffer_blit GL_EXT_framebuffer_multisample GL_EXT_packed_depth_stencil GL_APPLE_object_purgeable GL_ARB_vertex_array_object GL_ATI_separate_stencil GL_EXT_draw_buffers2 GL_EXT_draw_instanced GL_EXT_gpu_program_parameters GL_EXT_texture_array GL_EXT_texture_integer GL_EXT_texture_sRGB_decode GL_EXT_timer_query GL_OES_EGL_image GL_ARB_copy_buffer GL_ARB_depth_buffer_float GL_ARB_draw_instanced GL_ARB_half_float_vertex GL_ARB_instanced_arrays GL_ARB_map_buffer_range GL_ARB_texture_rg GL_ARB_texture_swizzle GL_ARB_vertex_array_bgra GL_EXT_texture_swizzle GL_EXT_vertex_array_bgra GL_NV_conditional_render GL_AMD_conservative_depth GL_AMD_draw_buffers_blend GL_AMD_seamless_cubemap_per_texture GL_ARB_ES2_compatibility GL_ARB_blend_func_extended GL_ARB_debug_output GL_ARB_draw_buffers_blend GL_ARB_draw_elements_base_vertex GL_ARB_explicit_attrib_location GL_ARB_fragment_coord_conventions GL_ARB_provoking_vertex GL_ARB_sample_shading GL_ARB_sampler_objects GL_ARB_seamless_cube_map GL_ARB_shader_texture_lod GL_ARB_texture_cube_map_array GL_ARB_texture_gather GL_ARB_texture_multisample GL_ARB_texture_query_lod GL_ARB_texture_rgb10_a2ui GL_ARB_uniform_buffer_object GL_ARB_vertex_type_2_10_10_10_rev GL_EXT_provoking_vertex GL_EXT_texture_snorm GL_MESA_texture_signed_rgba GL_ARB_get_program_binary GL_ARB_robustness GL_ARB_separate_shader_objects GL_ARB_shader_bit_encoding GL_ARB_texture_compression_bptc GL_ARB_timer_query GL_ANGLE_texture_compression_dxt3 GL_ANGLE_texture_compression_dxt5 GL_ARB_compressed_texture_pixel_storage GL_ARB_conservative_depth GL_ARB_internalformat_query GL_ARB_map_buffer_alignment GL_ARB_shader_atomic_counters GL_ARB_shading_language_420pack GL_ARB_shading_language_packing GL_ARB_texture_storage GL_EXT_framebuffer_multisample_blit_scaled GL_EXT_transform_feedback GL_AMD_shader_trinary_minmax GL_ARB_ES3_compatibility GL_ARB_clear_buffer_object GL_ARB_copy_image GL_ARB_explicit_uniform_location GL_ARB_invalidate_subdata GL_ARB_texture_query_levels GL_ARB_texture_storage_multisample GL_ARB_texture_view GL_ARB_vertex_attrib_binding GL_KHR_debug GL_ARB_buffer_storage GL_ARB_clear_texture GL_ARB_multi_bind GL_ARB_seamless_cubemap_per_texture GL_ARB_texture_mirror_clamp_to_edge GL_ARB_vertex_type_10f_11f_11f_rev GL_EXT_shader_integer_mix GL_ARB_conditional_render_inverted GL_ARB_derivative_control 
GLX Extensions: GLX_ARB_create_context GLX_ARB_create_context_profile GLX_ARB_create_context_robustness GLX_ARB_fbconfig_float GLX_ARB_framebuffer_sRGB GLX_ARB_get_proc_address GLX_ARB_multisample GLX_EXT_import_context GLX_EXT_visual_info GLX_EXT_visual_rating GLX_EXT_framebuffer_sRGB GLX_EXT_create_context_es2_profile GLX_MESA_copy_sub_buffer GLX_MESA_multithread_makecurrent GLX_MESA_query_renderer GLX_MESA_swap_control GLX_OML_swap_method GLX_OML_sync_control GLX_SGI_make_current_read GLX_SGI_swap_control GLX_SGI_video_sync GLX_SGIS_multisample GLX_SGIX_fbconfig GLX_SGIX_pbuffer GLX_SGIX_visual_select_group GLX_EXT_texture_from_pixmap GLX_INTEL_swap_event 
Setting maxVSyncInterval to 4
GL: disabling shadows on Intel 9xx (buggy)
GL: disabling framebuffer blit, antialiasing, SRGB on Intel
GL: Detected 0 MB VRAM
Total system RAM: 3668 MiB
Initialize engine version: 4.5.5f1 (7684ad0c5a44)
Total system RAM: 3668 MiB
AudioManager: Using PulseAudio: Default Output Device
Begin MonoManager ReloadAssembly
Platform assembly: /home/robin/.local/share/Steam/steamapps/common/Merchants of Kaidan Demo/Kaidan_Data/Managed/UnityEngine.dll (this message is harmless)
Loading /home/robin/.local/share/Steam/steamapps/common/Merchants of Kaidan Demo/Kaidan_Data/Managed/UnityEngine.dll into Unity Child Domain
Platform assembly: /home/robin/.local/share/Steam/steamapps/common/Merchants of Kaidan Demo/Kaidan_Data/Managed/Assembly-CSharp-firstpass.dll (this message is harmless)
Loading /home/robin/.local/share/Steam/steamapps/common/Merchants of Kaidan Demo/Kaidan_Data/Managed/Assembly-CSharp-firstpass.dll into Unity Child Domain
Platform assembly: /home/robin/.local/share/Steam/steamapps/common/Merchants of Kaidan Demo/Kaidan_Data/Managed/Assembly-CSharp.dll (this message is harmless)
Loading /home/robin/.local/share/Steam/steamapps/common/Merchants of Kaidan Demo/Kaidan_Data/Managed/Assembly-CSharp.dll into Unity Child Domain
Platform assembly: /home/robin/.local/share/Steam/steamapps/common/Merchants of Kaidan Demo/Kaidan_Data/Managed/Assembly-UnityScript-firstpass.dll (this message is harmless)
Loading /home/robin/.local/share/Steam/steamapps/common/Merchants of Kaidan Demo/Kaidan_Data/Managed/Assembly-UnityScript-firstpass.dll into Unity Child Domain
Platform assembly: /home/robin/.local/share/Steam/steamapps/common/Merchants of Kaidan Demo/Kaidan_Data/Managed/SteamworksManaged.dll (this message is harmless)
Loading /home/robin/.local/share/Steam/steamapps/common/Merchants of Kaidan Demo/Kaidan_Data/Managed/SteamworksManaged.dll into Unity Child Domain
Platform assembly: /home/robin/.local/share/Steam/steamapps/common/Merchants of Kaidan Demo/Kaidan_Data/Managed/ICSharpCode.SharpZipLib.dll (this message is harmless)
Loading /home/robin/.local/share/Steam/steamapps/common/Merchants of Kaidan Demo/Kaidan_Data/Managed/ICSharpCode.SharpZipLib.dll into Unity Child Domain
- Completed reload, in  0,080 seconds
Default vsync count 0
requesting resize 1600 x 900
requesting fullscreen 1600 x 900 at 0 Hz
Desktop is 1600 x 900 @ 60 Hz
Platform assembly: /home/robin/.local/share/Steam/steamapps/common/Merchants of Kaidan Demo/Kaidan_Data/Managed/System.dll (this message is harmless)
Changing real window size to 798 x 898
Ignoring window size change to 798x898 : waiting for fullscreen at 1600x900
Changing real window size to 798 x 898
Changing real window size to 1600 x 900
Ignoring window size change to 1600x900 : waiting for fullscreen at 1600x900
Changing real window size to 1600 x 900
Changing real window size to 1600 x 900
UnloadTime: 1,407000 ms
Unloading 4 Unused Serialized files (Serialized files now loaded: 0 / Dirty serialized files: 0)

Unloading 7 unused Assets to reduce memory usage. Loaded Objects now: 1907.
Total: 1,414000 ms (FindLiveObjects: 0,117000 ms CreateObjectMapping: 0,095000 ms MarkObjects: 1,056000 ms  DeleteObjects: 0,064000 ms)

Fallback handler could not load library /home/robin/.local/share/Steam/steamapps/common/Merchants of Kaidan Demo/Kaidan_Data/Mono/x86/SteamworksNative
Fallback handler could not load library /home/robin/.local/share/Steam/steamapps/common/Merchants of Kaidan Demo/Kaidan_Data/Mono/x86/SteamworksNative
Fallback handler could not load library /home/robin/.local/share/Steam/steamapps/common/Merchants of Kaidan Demo/Kaidan_Data/Mono/x86/SteamworksNative
Fallback handler could not load library /home/robin/.local/share/Steam/steamapps/common/Merchants of Kaidan Demo/Kaidan_Data/Mono/x86/SteamworksNative
Fallback handler could not load library /home/robin/.local/share/Steam/steamapps/common/Merchants of Kaidan Demo/Kaidan_Data/Mono/x86/SteamworksNative
Fallback handler could not load library /home/robin/.local/share/Steam/steamapps/common/Merchants of Kaidan Demo/Kaidan_Data/Mono/x86/SteamworksNative
Fallback handler could not load library /home/robin/.local/share/Steam/steamapps/common/Merchants of Kaidan Demo/Kaidan_Data/Mono/x86/SteamworksNative
Fallback handler could not load library /home/robin/.local/share/Steam/steamapps/common/Merchants of Kaidan Demo/Kaidan_Data/Mono/x86/SteamworksNative
Fallback handler could not load library /home/robin/.local/share/Steam/steamapps/common/Merchants of Kaidan Demo/Kaidan_Data/Mono/x86/SteamworksNative
Fallback handler could not load library /home/robin/.local/share/Steam/steamapps/common/Merchants of Kaidan Demo/Kaidan_Data/Mono/x86/SteamworksNative
Fallback handler could not load library /home/robin/.local/share/Steam/steamapps/common/Merchants of Kaidan Demo/Kaidan_Data/Mono/x86/SteamworksNative
Fallback handler could not load library /home/robin/.local/share/Steam/steamapps/common/Merchants of Kaidan Demo/Kaidan_Data/Mono/x86/SteamworksNative
Fallback handler could not load library /home/robin/.local/share/Steam/steamapps/common/Merchants of Kaidan Demo/Kaidan_Data/Mono/x86/SteamworksNative
Fallback handler could not load library /home/robin/.local/share/Steam/steamapps/common/Merchants of Kaidan Demo/Kaidan_Data/Mono/x86/SteamworksNative
UnloadTime: 2,840000 ms
Unloading 4 Unused Serialized files (Serialized files now loaded: 0 / Dirty serialized files: 0)

Unloading 244 unused Assets to reduce memory usage. Loaded Objects now: 808.
Total: 4,944000 ms (FindLiveObjects: 0,065000 ms CreateObjectMapping: 0,088000 ms MarkObjects: 1,111000 ms  DeleteObjects: 3,547000 ms)

Unloading 4 Unused Serialized files (Serialized files now loaded: 0 / Dirty serialized files: 0)

Unloading 41 unused Assets to reduce memory usage. Loaded Objects now: 823.
Total: 2,169000 ms (FindLiveObjects: 0,091000 ms CreateObjectMapping: 0,077000 ms MarkObjects: 1,172000 ms  DeleteObjects: 0,674000 ms)

UnloadTime: 2,230000 ms
Unloading 3 Unused Serialized files (Serialized files now loaded: 0 / Dirty serialized files: 0)

Unloading 36 unused Assets to reduce memory usage. Loaded Objects now: 8094.
Total: 5,143000 ms (FindLiveObjects: 0,576000 ms CreateObjectMapping: 0,209000 ms MarkObjects: 3,684000 ms  DeleteObjects: 0,603000 ms)

Fallback handler could not load library /home/robin/.local/share/Steam/steamapps/common/Merchants of Kaidan Demo/Kaidan_Data/Mono/x86/SteamworksNative
Platform assembly: /home/robin/.local/share/Steam/steamapps/common/Merchants of Kaidan Demo/Kaidan_Data/Managed/Boo.Lang.dll (this message is harmless)
Text on GameObject "Market" has not been assigned either a texture or a material.
 
(Filename: /BuildAgent/work/d63dfc6385190b60/artifacts/LinuxStandalonePlayerGenerated/UnityEngineDebug.cpp Line: 49)

Fallback handler could not load library /home/robin/.local/share/Steam/steamapps/common/Merchants of Kaidan Demo/Kaidan_Data/Mono/x86/SteamworksNative
Fallback handler could not load library /home/robin/.local/share/Steam/steamapps/common/Merchants of Kaidan Demo/Kaidan_Data/Mono/x86/SteamworksNative
UnityException: Illegal file size
  at SteamPlatform._ReadFile (System.String fileName, System.Byte[]& data) [0x00000] in <filename unknown>:0 
  at SteamPlatform.ReadFile (System.String fileName, System.Byte[]& data) [0x00000] in <filename unknown>:0 
UnityEngine.Debug:Internal_LogException(Exception, Object)
UnityEngine.Debug:LogException(Exception)
SteamPlatform:ReadFile(String, Byte[]&)
KaidanSaves:OpenSave(Int32, SaveTarget)
KaidanSaves:GetSaveScenarioType(Int32)
SaveLoadDialog:RefreshButtons()
MainMenuPopupDialog:OnShow()
Control:Show()
Control:Activate()
Kaidan:ActivateOptions()
UpperMenuDialog:OnOptionsClicked()
UpperMenuDialog:OnButtonTouchUp(Int32)
ButtonBase:OnEnded()
Button:OnEnded()
ButtonBase:OnMouseClick(InputPhase, BroadcastCollider)
BroadcastCollider:OnInputEnded()
BroadcastCollider:AddInputPhase(InputPhase, Boolean)
TraceCollider:EndedMonitor(InputType, Vector3, Int32)
TraceCollider:RaycastMouseMonitor()
TraceCollider:LateUpdate()
 
(Filename:  Line: -1)

UnityException: Illegal file size
  at SteamPlatform._ReadFile (System.String fileName, System.Byte[]& data) [0x00000] in <filename unknown>:0 
  at SteamPlatform.ReadFile (System.String fileName, System.Byte[]& data) [0x00000] in <filename unknown>:0 
UnityEngine.Debug:Internal_LogException(Exception, Object)
UnityEngine.Debug:LogException(Exception)
SteamPlatform:ReadFile(String, Byte[]&)
KaidanSaves:OpenSave(Int32, SaveTarget)
KaidanSaves:GetSaveScenarioType(Int32)
SaveLoadDialog:RefreshButtons()
MainMenuPopupDialog:OnShow()
Control:Show()
Control:Activate()
Kaidan:ActivateOptions()
UpperMenuDialog:OnOptionsClicked()
UpperMenuDialog:OnButtonTouchUp(Int32)
ButtonBase:OnEnded()
Button:OnEnded()
ButtonBase:OnMouseClick(InputPhase, BroadcastCollider)
BroadcastCollider:OnInputEnded()
BroadcastCollider:AddInputPhase(InputPhase, Boolean)
TraceCollider:EndedMonitor(InputType, Vector3, Int32)
TraceCollider:RaycastMouseMonitor()
TraceCollider:LateUpdate()
 
(Filename:  Line: -1)

UnityException: Illegal file size
  at SteamPlatform._ReadFile (System.String fileName, System.Byte[]& data) [0x00000] in <filename unknown>:0 
  at SteamPlatform.ReadFile (System.String fileName, System.Byte[]& data) [0x00000] in <filename unknown>:0 
UnityEngine.Debug:Internal_LogException(Exception, Object)
UnityEngine.Debug:LogException(Exception)
SteamPlatform:ReadFile(String, Byte[]&)
KaidanSaves:OpenSave(Int32, SaveTarget)
KaidanSaves:GetSaveScenarioType(Int32)
SaveLoadDialog:RefreshButtons()
MainMenuPopupDialog:OnShow()
Control:Show()
Control:Activate()
Kaidan:ActivateOptions()
UpperMenuDialog:OnOptionsClicked()
UpperMenuDialog:OnButtonTouchUp(Int32)
ButtonBase:OnEnded()
Button:OnEnded()
ButtonBase:OnMouseClick(InputPhase, BroadcastCollider)
BroadcastCollider:OnInputEnded()
BroadcastCollider:AddInputPhase(InputPhase, Boolean)
TraceCollider:EndedMonitor(InputType, Vector3, Int32)
TraceCollider:RaycastMouseMonitor()
TraceCollider:LateUpdate()
 
(Filename:  Line: -1)

UnityException: Illegal file size
  at SteamPlatform._ReadFile (System.String fileName, System.Byte[]& data) [0x00000] in <filename unknown>:0 
  at SteamPlatform.ReadFile (System.String fileName, System.Byte[]& data) [0x00000] in <filename unknown>:0 
UnityEngine.Debug:Internal_LogException(Exception, Object)
UnityEngine.Debug:LogException(Exception)
SteamPlatform:ReadFile(String, Byte[]&)
KaidanSaves:OpenSave(Int32, SaveTarget)
KaidanSaves:GetSaveScenarioType(Int32)
SaveLoadDialog:RefreshButtons()
MainMenuPopupDialog:OnShow()
Control:Show()
Control:Activate()
Kaidan:ActivateOptions()
UpperMenuDialog:OnOptionsClicked()
UpperMenuDialog:OnButtonTouchUp(Int32)
ButtonBase:OnEnded()
Button:OnEnded()
ButtonBase:OnMouseClick(InputPhase, BroadcastCollider)
BroadcastCollider:OnInputEnded()
BroadcastCollider:AddInputPhase(InputPhase, Boolean)
TraceCollider:EndedMonitor(InputType, Vector3, Int32)
TraceCollider:RaycastMouseMonitor()
TraceCollider:LateUpdate()
 
(Filename:  Line: -1)

UnityException: Illegal file size
  at SteamPlatform._ReadFile (System.String fileName, System.Byte[]& data) [0x00000] in <filename unknown>:0 
  at SteamPlatform.ReadFile (System.String fileName, System.Byte[]& data) [0x00000] in <filename unknown>:0 
UnityEngine.Debug:Internal_LogException(Exception, Object)
UnityEngine.Debug:LogException(Exception)
SteamPlatform:ReadFile(String, Byte[]&)
KaidanSaves:OpenSave(Int32, SaveTarget)
KaidanSaves:GetSaveScenarioType(Int32)
SaveLoadDialog:RefreshButtons()
MainMenuPopupDialog:OnShow()
Control:Show()
Control:Activate()
Kaidan:ActivateOptions()
UpperMenuDialog:OnOptionsClicked()
UpperMenuDialog:OnButtonTouchUp(Int32)
ButtonBase:OnEnded()
Button:OnEnded()
ButtonBase:OnMouseClick(InputPhase, BroadcastCollider)
BroadcastCollider:OnInputEnded()
BroadcastCollider:AddInputPhase(InputPhase, Boolean)
TraceCollider:EndedMonitor(InputType, Vector3, Int32)
TraceCollider:RaycastMouseMonitor()
TraceCollider:LateUpdate()
 
(Filename:  Line: -1)

UnityException: Illegal file size
  at SteamPlatform._ReadFile (System.String fileName, System.Byte[]& data) [0x00000] in <filename unknown>:0 
  at SteamPlatform.ReadFile (System.String fileName, System.Byte[]& data) [0x00000] in <filename unknown>:0 
UnityEngine.Debug:Internal_LogException(Exception, Object)
UnityEngine.Debug:LogException(Exception)
SteamPlatform:ReadFile(String, Byte[]&)
KaidanSaves:OpenSave(Int32, SaveTarget)
KaidanSaves:GetSaveScenarioType(Int32)
SaveLoadDialog:RefreshButtons()
MainMenuPopupDialog:OnShow()
Control:Show()
Control:Activate()
Kaidan:ActivateOptions()
UpperMenuDialog:OnOptionsClicked()
UpperMenuDialog:OnButtonTouchUp(Int32)
ButtonBase:OnEnded()
Button:OnEnded()
ButtonBase:OnMouseClick(InputPhase, BroadcastCollider)
BroadcastCollider:OnInputEnded()
BroadcastCollider:AddInputPhase(InputPhase, Boolean)
TraceCollider:EndedMonitor(InputType, Vector3, Int32)
TraceCollider:RaycastMouseMonitor()
TraceCollider:LateUpdate()
 
(Filename:  Line: -1)

UnityException: Illegal file size
  at SteamPlatform._ReadFile (System.String fileName, System.Byte[]& data) [0x00000] in <filename unknown>:0 
  at SteamPlatform.ReadFile (System.String fileName, System.Byte[]& data) [0x00000] in <filename unknown>:0 
UnityEngine.Debug:Internal_LogException(Exception, Object)
UnityEngine.Debug:LogException(Exception)
SteamPlatform:ReadFile(String, Byte[]&)
KaidanSaves:OpenSave(Int32, SaveTarget)
KaidanSaves:GetSaveScenarioType(Int32)
SaveLoadDialog:RefreshButtons()
MainMenuPopupDialog:OnShow()
Control:Show()
Control:Activate()
Kaidan:ActivateOptions()
UpperMenuDialog:OnOptionsClicked()
UpperMenuDialog:OnButtonTouchUp(Int32)
ButtonBase:OnEnded()
Button:OnEnded()
ButtonBase:OnMouseClick(InputPhase, BroadcastCollider)
BroadcastCollider:OnInputEnded()
BroadcastCollider:AddInputPhase(InputPhase, Boolean)
TraceCollider:EndedMonitor(InputType, Vector3, Int32)
TraceCollider:RaycastMouseMonitor()
TraceCollider:LateUpdate()
 
(Filename:  Line: -1)

UnityException: Illegal file size
  at SteamPlatform._ReadFile (System.String fileName, System.Byte[]& data) [0x00000] in <filename unknown>:0 
  at SteamPlatform.ReadFile (System.String fileName, System.Byte[]& data) [0x00000] in <filename unknown>:0 
UnityEngine.Debug:Internal_LogException(Exception, Object)
UnityEngine.Debug:LogException(Exception)
SteamPlatform:ReadFile(String, Byte[]&)
KaidanSaves:OpenSave(Int32, SaveTarget)
KaidanSaves:GetSaveScenarioType(Int32)
SaveLoadDialog:RefreshButtons()
MainMenuPopupDialog:OnShow()
Control:Show()
Control:Activate()
Kaidan:ActivateOptions()
UpperMenuDialog:OnOptionsClicked()
UpperMenuDialog:OnButtonTouchUp(Int32)
ButtonBase:OnEnded()
Button:OnEnded()
ButtonBase:OnMouseClick(InputPhase, BroadcastCollider)
BroadcastCollider:OnInputEnded()
BroadcastCollider:AddInputPhase(InputPhase, Boolean)
TraceCollider:EndedMonitor(InputType, Vector3, Int32)
TraceCollider:RaycastMouseMonitor()
TraceCollider:LateUpdate()
 
(Filename:  Line: -1)

UnityException: Illegal file size
  at SteamPlatform._ReadFile (System.String fileName, System.Byte[]& data) [0x00000] in <filename unknown>:0 
  at SteamPlatform.ReadFile (System.String fileName, System.Byte[]& data) [0x00000] in <filename unknown>:0 
UnityEngine.Debug:Internal_LogException(Exception, Object)
UnityEngine.Debug:LogException(Exception)
SteamPlatform:ReadFile(String, Byte[]&)
KaidanSaves:OpenSave(Int32, SaveTarget)
KaidanSaves:GetSaveScenarioType(Int32)
SaveLoadDialog:RefreshButtons()
MainMenuPopupDialog:OnShow()
Control:Show()
Control:Activate()
Kaidan:ActivateOptions()
UpperMenuDialog:OnOptionsClicked()
UpperMenuDialog:OnButtonTouchUp(Int32)
ButtonBase:OnEnded()
Button:OnEnded()
ButtonBase:OnMouseClick(InputPhase, BroadcastCollider)
BroadcastCollider:OnInputEnded()
BroadcastCollider:AddInputPhase(InputPhase, Boolean)
TraceCollider:EndedMonitor(InputType, Vector3, Int32)
TraceCollider:RaycastMouseMonitor()
TraceCollider:LateUpdate()
 
(Filename:  Line: -1)

UnityException: Illegal file size
  at SteamPlatform._ReadFile (System.String fileName, System.Byte[]& data) [0x00000] in <filename unknown>:0 
  at SteamPlatform.ReadFile (System.String fileName, System.Byte[]& data) [0x00000] in <filename unknown>:0 
UnityEngine.Debug:Internal_LogException(Exception, Object)
UnityEngine.Debug:LogException(Exception)
SteamPlatform:ReadFile(String, Byte[]&)
KaidanSaves:OpenSave(Int32, SaveTarget)
KaidanSaves:GetSaveScenarioType(Int32)
SaveLoadDialog:RefreshButtons()
MainMenuPopupDialog:OnShow()
Control:Show()
Control:Activate()
Kaidan:ActivateOptions()
UpperMenuDialog:OnOptionsClicked()
UpperMenuDialog:OnButtonTouchUp(Int32)
ButtonBase:OnEnded()
Button:OnEnded()
ButtonBase:OnMouseClick(InputPhase, BroadcastCollider)
BroadcastCollider:OnInputEnded()
BroadcastCollider:AddInputPhase(InputPhase, Boolean)
TraceCollider:EndedMonitor(InputType, Vector3, Int32)
TraceCollider:RaycastMouseMonitor()
TraceCollider:LateUpdate()
 
(Filename:  Line: -1)

UnityException: Illegal file size
  at SteamPlatform._ReadFile (System.String fileName, System.Byte[]& data) [0x00000] in <filename unknown>:0 
  at SteamPlatform.ReadFile (System.String fileName, System.Byte[]& data) [0x00000] in <filename unknown>:0 
UnityEngine.Debug:Internal_LogException(Exception, Object)
UnityEngine.Debug:LogException(Exception)
SteamPlatform:ReadFile(String, Byte[]&)
KaidanSaves:OpenSave(Int32, SaveTarget)
KaidanSaves:GetSaveScenarioType(Int32)
SaveLoadDialog:RefreshButtons()
MainMenuPopupDialog:OnShow()
Control:Show()
Control:Activate()
Kaidan:ActivateOptions()
UpperMenuDialog:OnOptionsClicked()
UpperMenuDialog:OnButtonTouchUp(Int32)
ButtonBase:OnEnded()
Button:OnEnded()
ButtonBase:OnMouseClick(InputPhase, BroadcastCollider)
BroadcastCollider:OnInputEnded()
BroadcastCollider:AddInputPhase(InputPhase, Boolean)
TraceCollider:EndedMonitor(InputType, Vector3, Int32)
TraceCollider:RaycastMouseMonitor()
TraceCollider:LateUpdate()
 
(Filename:  Line: -1)

UnityException: Illegal file size
  at SteamPlatform._ReadFile (System.String fileName, System.Byte[]& data) [0x00000] in <filename unknown>:0 
  at SteamPlatform.ReadFile (System.String fileName, System.Byte[]& data) [0x00000] in <filename unknown>:0 
UnityEngine.Debug:Internal_LogException(Exception, Object)
UnityEngine.Debug:LogException(Exception)
SteamPlatform:ReadFile(String, Byte[]&)
KaidanSaves:OpenSave(Int32, SaveTarget)
KaidanSaves:GetSaveScenarioType(Int32)
SaveLoadDialog:RefreshButtons()
MainMenuPopupDialog:OnShow()
Control:Show()
Control:Activate()
Kaidan:ActivateOptions()
UpperMenuDialog:OnOptionsClicked()
UpperMenuDialog:OnButtonTouchUp(Int32)
ButtonBase:OnEnded()
Button:OnEnded()
ButtonBase:OnMouseClick(InputPhase, BroadcastCollider)
BroadcastCollider:OnInputEnded()
BroadcastCollider:AddInputPhase(InputPhase, Boolean)
TraceCollider:EndedMonitor(InputType, Vector3, Int32)
TraceCollider:RaycastMouseMonitor()
TraceCollider:LateUpdate()
 
(Filename:  Line: -1)

SAVE: PrepareAndWriteAllChunks started.
 
(Filename: /BuildAgent/work/d63dfc6385190b60/artifacts/LinuxStandalonePlayerGenerated/UnityEngineDebug.cpp Line: 49)

SAVE: PrepareAndWriteAllChunks finished.
 
(Filename: /BuildAgent/work/d63dfc6385190b60/artifacts/LinuxStandalonePlayerGenerated/UnityEngineDebug.cpp Line: 49)

Fallback handler could not load library /home/robin/.local/share/Steam/steamapps/common/Merchants of Kaidan Demo/Kaidan_Data/Mono/x86/SteamworksNative
Fallback handler could not load library /home/robin/.local/share/Steam/steamapps/common/Merchants of Kaidan Demo/Kaidan_Data/Mono/x86/SteamworksNative
UnityException: Illegal file size
  at SteamPlatform._ReadFile (System.String fileName, System.Byte[]& data) [0x00000] in <filename unknown>:0 
  at SteamPlatform.ReadFile (System.String fileName, System.Byte[]& data) [0x00000] in <filename unknown>:0 
UnityEngine.Debug:Internal_LogException(Exception, Object)
UnityEngine.Debug:LogException(Exception)
SteamPlatform:ReadFile(String, Byte[]&)
KaidanSaves:OpenSave(Int32, SaveTarget)
KaidanSaves:GetSaveScenarioType(Int32)
SaveLoadDialog:RefreshButtons()
MainMenuPopupDialog:OnGameSaved()
SavePopupDialog:OnBYLClicked()
SavePopupDialog:OnButtonTouchUp(Int32)
ButtonBase:OnEnded()
Button:OnEnded()
ButtonBase:OnMouseClick(InputPhase, BroadcastCollider)
BroadcastCollider:OnInputEnded()
BroadcastCollider:AddInputPhase(InputPhase, Boolean)
TraceCollider:EndedMonitor(InputType, Vector3, Int32)
TraceCollider:RaycastMouseMonitor()
TraceCollider:LateUpdate()
 
(Filename:  Line: -1)

UnityException: Illegal file size
  at SteamPlatform._ReadFile (System.String fileName, System.Byte[]& data) [0x00000] in <filename unknown>:0 
  at SteamPlatform.ReadFile (System.String fileName, System.Byte[]& data) [0x00000] in <filename unknown>:0 
UnityEngine.Debug:Internal_LogException(Exception, Object)
UnityEngine.Debug:LogException(Exception)
SteamPlatform:ReadFile(String, Byte[]&)
KaidanSaves:OpenSave(Int32, SaveTarget)
KaidanSaves:GetSaveScenarioType(Int32)
SaveLoadDialog:RefreshButtons()
MainMenuPopupDialog:OnGameSaved()
SavePopupDialog:OnBYLClicked()
SavePopupDialog:OnButtonTouchUp(Int32)
ButtonBase:OnEnded()
Button:OnEnded()
ButtonBase:OnMouseClick(InputPhase, BroadcastCollider)
BroadcastCollider:OnInputEnded()
BroadcastCollider:AddInputPhase(InputPhase, Boolean)
TraceCollider:EndedMonitor(InputType, Vector3, Int32)
TraceCollider:RaycastMouseMonitor()
TraceCollider:LateUpdate()
 
(Filename:  Line: -1)

UnityException: Illegal file size
  at SteamPlatform._ReadFile (System.String fileName, System.Byte[]& data) [0x00000] in <filename unknown>:0 
  at SteamPlatform.ReadFile (System.String fileName, System.Byte[]& data) [0x00000] in <filename unknown>:0 
UnityEngine.Debug:Internal_LogException(Exception, Object)
UnityEngine.Debug:LogException(Exception)
SteamPlatform:ReadFile(String, Byte[]&)
KaidanSaves:OpenSave(Int32, SaveTarget)
KaidanSaves:GetSaveScenarioType(Int32)
SaveLoadDialog:RefreshButtons()
MainMenuPopupDialog:OnGameSaved()
SavePopupDialog:OnBYLClicked()
SavePopupDialog:OnButtonTouchUp(Int32)
ButtonBase:OnEnded()
Button:OnEnded()
ButtonBase:OnMouseClick(InputPhase, BroadcastCollider)
BroadcastCollider:OnInputEnded()
BroadcastCollider:AddInputPhase(InputPhase, Boolean)
TraceCollider:EndedMonitor(InputType, Vector3, Int32)
TraceCollider:RaycastMouseMonitor()
TraceCollider:LateUpdate()
 
(Filename:  Line: -1)

UnityException: Illegal file size
  at SteamPlatform._ReadFile (System.String fileName, System.Byte[]& data) [0x00000] in <filename unknown>:0 
  at SteamPlatform.ReadFile (System.String fileName, System.Byte[]& data) [0x00000] in <filename unknown>:0 
UnityEngine.Debug:Internal_LogException(Exception, Object)
UnityEngine.Debug:LogException(Exception)
SteamPlatform:ReadFile(String, Byte[]&)
KaidanSaves:OpenSave(Int32, SaveTarget)
KaidanSaves:GetSaveScenarioType(Int32)
SaveLoadDialog:RefreshButtons()
MainMenuPopupDialog:OnGameSaved()
SavePopupDialog:OnBYLClicked()
SavePopupDialog:OnButtonTouchUp(Int32)
ButtonBase:OnEnded()
Button:OnEnded()
ButtonBase:OnMouseClick(InputPhase, BroadcastCollider)
BroadcastCollider:OnInputEnded()
BroadcastCollider:AddInputPhase(InputPhase, Boolean)
TraceCollider:EndedMonitor(InputType, Vector3, Int32)
TraceCollider:RaycastMouseMonitor()
TraceCollider:LateUpdate()
 
(Filename:  Line: -1)

UnityException: Illegal file size
  at SteamPlatform._ReadFile (System.String fileName, System.Byte[]& data) [0x00000] in <filename unknown>:0 
  at SteamPlatform.ReadFile (System.String fileName, System.Byte[]& data) [0x00000] in <filename unknown>:0 
UnityEngine.Debug:Internal_LogException(Exception, Object)
UnityEngine.Debug:LogException(Exception)
SteamPlatform:ReadFile(String, Byte[]&)
KaidanSaves:OpenSave(Int32, SaveTarget)
KaidanSaves:GetSaveScenarioType(Int32)
SaveLoadDialog:RefreshButtons()
MainMenuPopupDialog:OnGameSaved()
SavePopupDialog:OnBYLClicked()
SavePopupDialog:OnButtonTouchUp(Int32)
ButtonBase:OnEnded()
Button:OnEnded()
ButtonBase:OnMouseClick(InputPhase, BroadcastCollider)
BroadcastCollider:OnInputEnded()
BroadcastCollider:AddInputPhase(InputPhase, Boolean)
TraceCollider:EndedMonitor(InputType, Vector3, Int32)
TraceCollider:RaycastMouseMonitor()
TraceCollider:LateUpdate()
 
(Filename:  Line: -1)

UnityException: Illegal file size
  at SteamPlatform._ReadFile (System.String fileName, System.Byte[]& data) [0x00000] in <filename unknown>:0 
  at SteamPlatform.ReadFile (System.String fileName, System.Byte[]& data) [0x00000] in <filename unknown>:0 
UnityEngine.Debug:Internal_LogException(Exception, Object)
UnityEngine.Debug:LogException(Exception)
SteamPlatform:ReadFile(String, Byte[]&)
KaidanSaves:OpenSave(Int32, SaveTarget)
KaidanSaves:GetSaveScenarioType(Int32)
SaveLoadDialog:RefreshButtons()
MainMenuPopupDialog:OnShow()
Control:Show()
Control:Activate()
Kaidan:ActivateOptions()
UpperMenuDialog:OnOptionsClicked()
UpperMenuDialog:OnButtonTouchUp(Int32)
ButtonBase:OnEnded()
Button:OnEnded()
ButtonBase:OnMouseClick(InputPhase, BroadcastCollider)
BroadcastCollider:OnInputEnded()
BroadcastCollider:AddInputPhase(InputPhase, Boolean)
TraceCollider:EndedMonitor(InputType, Vector3, Int32)
TraceCollider:RaycastMouseMonitor()
TraceCollider:LateUpdate()
 
(Filename:  Line: -1)

UnityException: Illegal file size
  at SteamPlatform._ReadFile (System.String fileName, System.Byte[]& data) [0x00000] in <filename unknown>:0 
  at SteamPlatform.ReadFile (System.String fileName, System.Byte[]& data) [0x00000] in <filename unknown>:0 
UnityEngine.Debug:Internal_LogException(Exception, Object)
UnityEngine.Debug:LogException(Exception)
SteamPlatform:ReadFile(String, Byte[]&)
KaidanSaves:OpenSave(Int32, SaveTarget)
KaidanSaves:GetSaveScenarioType(Int32)
SaveLoadDialog:RefreshButtons()
MainMenuPopupDialog:OnShow()
Control:Show()
Control:Activate()
Kaidan:ActivateOptions()
UpperMenuDialog:OnOptionsClicked()
UpperMenuDialog:OnButtonTouchUp(Int32)
ButtonBase:OnEnded()
Button:OnEnded()
ButtonBase:OnMouseClick(InputPhase, BroadcastCollider)
BroadcastCollider:OnInputEnded()
BroadcastCollider:AddInputPhase(InputPhase, Boolean)
TraceCollider:EndedMonitor(InputType, Vector3, Int32)
TraceCollider:RaycastMouseMonitor()
TraceCollider:LateUpdate()
 
(Filename:  Line: -1)

UnityException: Illegal file size
  at SteamPlatform._ReadFile (System.String fileName, System.Byte[]& data) [0x00000] in <filename unknown>:0 
  at SteamPlatform.ReadFile (System.String fileName, System.Byte[]& data) [0x00000] in <filename unknown>:0 
UnityEngine.Debug:Internal_LogException(Exception, Object)
UnityEngine.Debug:LogException(Exception)
SteamPlatform:ReadFile(String, Byte[]&)
KaidanSaves:OpenSave(Int32, SaveTarget)
KaidanSaves:GetSaveScenarioType(Int32)
SaveLoadDialog:RefreshButtons()
MainMenuPopupDialog:OnShow()
Control:Show()
Control:Activate()
Kaidan:ActivateOptions()
UpperMenuDialog:OnOptionsClicked()
UpperMenuDialog:OnButtonTouchUp(Int32)
ButtonBase:OnEnded()
Button:OnEnded()
ButtonBase:OnMouseClick(InputPhase, BroadcastCollider)
BroadcastCollider:OnInputEnded()
BroadcastCollider:AddInputPhase(InputPhase, Boolean)
TraceCollider:EndedMonitor(InputType, Vector3, Int32)
TraceCollider:RaycastMouseMonitor()
TraceCollider:LateUpdate()
 
(Filename:  Line: -1)

UnityException: Illegal file size
  at SteamPlatform._ReadFile (System.String fileName, System.Byte[]& data) [0x00000] in <filename unknown>:0 
  at SteamPlatform.ReadFile (System.String fileName, System.Byte[]& data) [0x00000] in <filename unknown>:0 
UnityEngine.Debug:Internal_LogException(Exception, Object)
UnityEngine.Debug:LogException(Exception)
SteamPlatform:ReadFile(String, Byte[]&)
KaidanSaves:OpenSave(Int32, SaveTarget)
KaidanSaves:GetSaveScenarioType(Int32)
SaveLoadDialog:RefreshButtons()
MainMenuPopupDialog:OnShow()
Control:Show()
Control:Activate()
Kaidan:ActivateOptions()
UpperMenuDialog:OnOptionsClicked()
UpperMenuDialog:OnButtonTouchUp(Int32)
ButtonBase:OnEnded()
Button:OnEnded()
ButtonBase:OnMouseClick(InputPhase, BroadcastCollider)
BroadcastCollider:OnInputEnded()
BroadcastCollider:AddInputPhase(InputPhase, Boolean)
TraceCollider:EndedMonitor(InputType, Vector3, Int32)
TraceCollider:RaycastMouseMonitor()
TraceCollider:LateUpdate()
 
(Filename:  Line: -1)

UnityException: Illegal file size
  at SteamPlatform._ReadFile (System.String fileName, System.Byte[]& data) [0x00000] in <filename unknown>:0 
  at SteamPlatform.ReadFile (System.String fileName, System.Byte[]& data) [0x00000] in <filename unknown>:0 
UnityEngine.Debug:Internal_LogException(Exception, Object)
UnityEngine.Debug:LogException(Exception)
SteamPlatform:ReadFile(String, Byte[]&)
KaidanSaves:OpenSave(Int32, SaveTarget)
KaidanSaves:GetSaveScenarioType(Int32)
SaveLoadDialog:RefreshButtons()
MainMenuPopupDialog:OnShow()
Control:Show()
Control:Activate()
Kaidan:ActivateOptions()
UpperMenuDialog:OnOptionsClicked()
UpperMenuDialog:OnButtonTouchUp(Int32)
ButtonBase:OnEnded()
Button:OnEnded()
ButtonBase:OnMouseClick(InputPhase, BroadcastCollider)
BroadcastCollider:OnInputEnded()
BroadcastCollider:AddInputPhase(InputPhase, Boolean)
TraceCollider:EndedMonitor(InputType, Vector3, Int32)
TraceCollider:RaycastMouseMonitor()
TraceCollider:LateUpdate()
 
(Filename:  Line: -1)

UnityException: Illegal file size
  at SteamPlatform._ReadFile (System.String fileName, System.Byte[]& data) [0x00000] in <filename unknown>:0 
  at SteamPlatform.ReadFile (System.String fileName, System.Byte[]& data) [0x00000] in <filename unknown>:0 
UnityEngine.Debug:Internal_LogException(Exception, Object)
UnityEngine.Debug:LogException(Exception)
SteamPlatform:ReadFile(String, Byte[]&)
KaidanSaves:OpenSave(Int32, SaveTarget)
KaidanSaves:GetSaveScenarioType(Int32)
SaveLoadDialog:RefreshButtons()
MainMenuPopupDialog:OnShow()
Control:Show()
Control:Activate()
Kaidan:ActivateOptions()
UpperMenuDialog:OnOptionsClicked()
UpperMenuDialog:OnButtonTouchUp(Int32)
ButtonBase:OnEnded()
Button:OnEnded()
ButtonBase:OnMouseClick(InputPhase, BroadcastCollider)
BroadcastCollider:OnInputEnded()
BroadcastCollider:AddInputPhase(InputPhase, Boolean)
TraceCollider:EndedMonitor(InputType, Vector3, Int32)
TraceCollider:RaycastMouseMonitor()
TraceCollider:LateUpdate()
 
(Filename:  Line: -1)

UnityException: Illegal file size
  at SteamPlatform._ReadFile (System.String fileName, System.Byte[]& data) [0x00000] in <filename unknown>:0 
  at SteamPlatform.ReadFile (System.String fileName, System.Byte[]& data) [0x00000] in <filename unknown>:0 
UnityEngine.Debug:Internal_LogException(Exception, Object)
UnityEngine.Debug:LogException(Exception)
SteamPlatform:ReadFile(String, Byte[]&)
KaidanSaves:OpenSave(Int32, SaveTarget)
KaidanSaves:GetSaveScenarioType(Int32)
SaveLoadDialog:RefreshButtons()
MainMenuPopupDialog:OnShow()
Control:Show()
Control:Activate()
Kaidan:ActivateOptions()
UpperMenuDialog:OnOptionsClicked()
UpperMenuDialog:OnButtonTouchUp(Int32)
ButtonBase:OnEnded()
Button:OnEnded()
ButtonBase:OnMouseClick(InputPhase, BroadcastCollider)
BroadcastCollider:OnInputEnded()
BroadcastCollider:AddInputPhase(InputPhase, Boolean)
TraceCollider:EndedMonitor(InputType, Vector3, Int32)
TraceCollider:RaycastMouseMonitor()
TraceCollider:LateUpdate()
 
(Filename:  Line: -1)

UnityException: Illegal file size
  at SteamPlatform._ReadFile (System.String fileName, System.Byte[]& data) [0x00000] in <filename unknown>:0 
  at SteamPlatform.ReadFile (System.String fileName, System.Byte[]& data) [0x00000] in <filename unknown>:0 
UnityEngine.Debug:Internal_LogException(Exception, Object)
UnityEngine.Debug:LogException(Exception)
SteamPlatform:ReadFile(String, Byte[]&)
KaidanSaves:OpenSave(Int32, SaveTarget)
KaidanSaves:GetSaveScenarioType(Int32)
SaveLoadDialog:RefreshButtons()
MainMenuPopupDialog:OnShow()
Control:Show()
Control:Activate()
Kaidan:ActivateOptions()
UpperMenuDialog:OnOptionsClicked()
UpperMenuDialog:OnButtonTouchUp(Int32)
ButtonBase:OnEnded()
Button:OnEnded()
ButtonBase:OnMouseClick(InputPhase, BroadcastCollider)
BroadcastCollider:OnInputEnded()
BroadcastCollider:AddInputPhase(InputPhase, Boolean)
TraceCollider:EndedMonitor(InputType, Vector3, Int32)
TraceCollider:RaycastMouseMonitor()
TraceCollider:LateUpdate()
 
(Filename:  Line: -1)

UnityException: Illegal file size
  at SteamPlatform._ReadFile (System.String fileName, System.Byte[]& data) [0x00000] in <filename unknown>:0 
  at SteamPlatform.ReadFile (System.String fileName, System.Byte[]& data) [0x00000] in <filename unknown>:0 
UnityEngine.Debug:Internal_LogException(Exception, Object)
UnityEngine.Debug:LogException(Exception)
SteamPlatform:ReadFile(String, Byte[]&)
KaidanSaves:OpenSave(Int32, SaveTarget)
KaidanSaves:GetSaveScenarioType(Int32)
SaveLoadDialog:RefreshButtons()
MainMenuPopupDialog:OnShow()
Control:Show()
Control:Activate()
Kaidan:ActivateOptions()
UpperMenuDialog:OnOptionsClicked()
UpperMenuDialog:OnButtonTouchUp(Int32)
ButtonBase:OnEnded()
Button:OnEnded()
ButtonBase:OnMouseClick(InputPhase, BroadcastCollider)
BroadcastCollider:OnInputEnded()
BroadcastCollider:AddInputPhase(InputPhase, Boolean)
TraceCollider:EndedMonitor(InputType, Vector3, Int32)
TraceCollider:RaycastMouseMonitor()
TraceCollider:LateUpdate()
 
(Filename:  Line: -1)

UnityException: Illegal file size
  at SteamPlatform._ReadFile (System.String fileName, System.Byte[]& data) [0x00000] in <filename unknown>:0 
  at SteamPlatform.ReadFile (System.String fileName, System.Byte[]& data) [0x00000] in <filename unknown>:0 
UnityEngine.Debug:Internal_LogException(Exception, Object)
UnityEngine.Debug:LogException(Exception)
SteamPlatform:ReadFile(String, Byte[]&)
KaidanSaves:OpenSave(Int32, SaveTarget)
KaidanSaves:GetSaveScenarioType(Int32)
SaveLoadDialog:RefreshButtons()
MainMenuPopupDialog:OnShow()
Control:Show()
Control:Activate()
Kaidan:ActivateOptions()
UpperMenuDialog:OnOptionsClicked()
UpperMenuDialog:OnButtonTouchUp(Int32)
ButtonBase:OnEnded()
Button:OnEnded()
ButtonBase:OnMouseClick(InputPhase, BroadcastCollider)
BroadcastCollider:OnInputEnded()
BroadcastCollider:AddInputPhase(InputPhase, Boolean)
TraceCollider:EndedMonitor(InputType, Vector3, Int32)
TraceCollider:RaycastMouseMonitor()
TraceCollider:LateUpdate()
 
(Filename:  Line: -1)

UnloadTime: 44,218998 ms
Unloading 8 Unused Serialized files (Serialized files now loaded: 0 / Dirty serialized files: 0)

Unloading 31348 unused Assets to reduce memory usage. Loaded Objects now: 1745.
Total: 159,989990 ms (FindLiveObjects: 1,709000 ms CreateObjectMapping: 5,191000 ms MarkObjects: 12,241000 ms  DeleteObjects: 140,682999 ms)

Unloading 4 Unused Serialized files (Serialized files now loaded: 0 / Dirty serialized files: 0)

Unloading 27 unused Assets to reduce memory usage. Loaded Objects now: 1755.
Total: 12,934000 ms (FindLiveObjects: 0,166000 ms CreateObjectMapping: 0,178000 ms MarkObjects: 11,999000 ms  DeleteObjects: 0,492000 ms)

UnloadTime: 2,397000 ms
Unloading 1 Unused Serialized files (Serialized files now loaded: 0 / Dirty serialized files: 0)

Unloading 38 unused Assets to reduce memory usage. Loaded Objects now: 2879.
Total: 15,217000 ms (FindLiveObjects: 0,179000 ms CreateObjectMapping: 0,207000 ms MarkObjects: 12,973001 ms  DeleteObjects: 1,802000 ms)

UnloadTime: 3,285000 ms
Unloading 3 Unused Serialized files (Serialized files now loaded: 0 / Dirty serialized files: 0)

Unloading 287 unused Assets to reduce memory usage. Loaded Objects now: 1697.
Total: 15,066000 ms (FindLiveObjects: 0,127000 ms CreateObjectMapping: 0,191000 ms MarkObjects: 11,505000 ms  DeleteObjects: 3,165000 ms)

Unloading 4 Unused Serialized files (Serialized files now loaded: 0 / Dirty serialized files: 0)

Unloading 27 unused Assets to reduce memory usage. Loaded Objects now: 1711.
Total: 14,542001 ms (FindLiveObjects: 0,156000 ms CreateObjectMapping: 0,202000 ms MarkObjects: 13,573000 ms  DeleteObjects: 0,457000 ms)

UnloadTime: 3,831000 ms
Unloading 2 Unused Serialized files (Serialized files now loaded: 0 / Dirty serialized files: 0)

Unloading 38 unused Assets to reduce memory usage. Loaded Objects now: 8945.
Total: 17,379002 ms (FindLiveObjects: 0,583000 ms CreateObjectMapping: 0,391000 ms MarkObjects: 15,262000 ms  DeleteObjects: 1,092000 ms)

Text on GameObject "Market" has not been assigned either a texture or a material.
 
(Filename: /BuildAgent/work/d63dfc6385190b60/artifacts/LinuxStandalonePlayerGenerated/UnityEngineDebug.cpp Line: 49)

UnloadTime: 44,810001 ms
Unloading 7 Unused Serialized files (Serialized files now loaded: 0 / Dirty serialized files: 0)

Unloading 31839 unused Assets to reduce memory usage. Loaded Objects now: 1759.
Total: 143,684006 ms (FindLiveObjects: 1,778000 ms CreateObjectMapping: 5,785000 ms MarkObjects: 11,927999 ms  DeleteObjects: 124,063995 ms)

Unloading 4 Unused Serialized files (Serialized files now loaded: 0 / Dirty serialized files: 0)

Unloading 27 unused Assets to reduce memory usage. Loaded Objects now: 1769.
Total: 13,885000 ms (FindLiveObjects: 0,150000 ms CreateObjectMapping: 0,236000 ms MarkObjects: 12,844000 ms  DeleteObjects: 0,547000 ms)

UnloadTime: 2,111000 ms
Unloading 3 Unused Serialized files (Serialized files now loaded: 0 / Dirty serialized files: 0)

Unloading 47 unused Assets to reduce memory usage. Loaded Objects now: 6447.
Total: 16,462000 ms (FindLiveObjects: 0,407000 ms CreateObjectMapping: 0,307000 ms MarkObjects: 13,264000 ms  DeleteObjects: 2,401000 ms)

Failed to create agent because it is not close enough to the NavMesh
 
(Filename:  Line: 648)

UnloadTime: 8,008000 ms
Unloading 4 Unused Serialized files (Serialized files now loaded: 0 / Dirty serialized files: 0)

Unloading 526 unused Assets to reduce memory usage. Loaded Objects now: 1756.
Total: 23,436001 ms (FindLiveObjects: 0,139000 ms CreateObjectMapping: 0,277000 ms MarkObjects: 12,121000 ms  DeleteObjects: 10,795000 ms)

Unloading 4 Unused Serialized files (Serialized files now loaded: 0 / Dirty serialized files: 0)

Unloading 27 unused Assets to reduce memory usage. Loaded Objects now: 1770.
Total: 13,215000 ms (FindLiveObjects: 0,136000 ms CreateObjectMapping: 0,181000 ms MarkObjects: 12,288000 ms  DeleteObjects: 0,476000 ms)

UnloadTime: 2,121000 ms
Unloading 2 Unused Serialized files (Serialized files now loaded: 0 / Dirty serialized files: 0)

Unloading 39 unused Assets to reduce memory usage. Loaded Objects now: 9004.
Total: 17,482000 ms (FindLiveObjects: 0,579000 ms CreateObjectMapping: 0,415000 ms MarkObjects: 15,472000 ms  DeleteObjects: 0,957000 ms)

UnloadTime: 42,312000 ms
Unloading 7 Unused Serialized files (Serialized files now loaded: 0 / Dirty serialized files: 0)

Unloading 31375 unused Assets to reduce memory usage. Loaded Objects now: 2003.
Total: 89,876999 ms (FindLiveObjects: 1,768000 ms CreateObjectMapping: 5,527000 ms MarkObjects: 12,201000 ms  DeleteObjects: 70,264999 ms)

Unloading 4 Unused Serialized files (Serialized files now loaded: 0 / Dirty serialized files: 0)

Unloading 27 unused Assets to reduce memory usage. Loaded Objects now: 2013.
Total: 14,243000 ms (FindLiveObjects: 0,202000 ms CreateObjectMapping: 0,245000 ms MarkObjects: 13,132999 ms  DeleteObjects: 0,506000 ms)

UnloadTime: 3,485000 ms
Unloading 5 Unused Serialized files (Serialized files now loaded: 0 / Dirty serialized files: 0)

Unloading 38 unused Assets to reduce memory usage. Loaded Objects now: 2553.
Total: 15,176000 ms (FindLiveObjects: 0,138000 ms CreateObjectMapping: 0,217000 ms MarkObjects: 13,131001 ms  DeleteObjects: 1,572000 ms)

The image effect Main Camera (TiltShiftHdr) has been disabled as it's not supported on the current platform.
 
(Filename: /BuildAgent/work/d63dfc6385190b60/artifacts/LinuxStandalonePlayerGenerated/UnityEngineDebug.cpp Line: 49)

UnloadTime: 4,403000 ms
Unloading 3 Unused Serialized files (Serialized files now loaded: 0 / Dirty serialized files: 0)

Unloading 113 unused Assets to reduce memory usage. Loaded Objects now: 2023.
Total: 17,976002 ms (FindLiveObjects: 0,192000 ms CreateObjectMapping: 0,354000 ms MarkObjects: 14,254000 ms  DeleteObjects: 3,088000 ms)

Unloading 4 Unused Serialized files (Serialized files now loaded: 0 / Dirty serialized files: 0)

Unloading 27 unused Assets to reduce memory usage. Loaded Objects now: 2030.
Total: 13,000000 ms (FindLiveObjects: 0,172000 ms CreateObjectMapping: 0,208000 ms MarkObjects: 12,052000 ms  DeleteObjects: 0,449000 ms)

UnloadTime: 3,092000 ms
Unloading 2 Unused Serialized files (Serialized files now loaded: 0 / Dirty serialized files: 0)

Unloading 39 unused Assets to reduce memory usage. Loaded Objects now: 9264.
Total: 17,073999 ms (FindLiveObjects: 0,545000 ms CreateObjectMapping: 0,431000 ms MarkObjects: 15,342000 ms  DeleteObjects: 0,700000 ms)

